android/app/build/intermediates/manifest_merge_blame_file/debug/manifest-merger-blame-debug-report.txt
1<?xml version="1.0" encoding="utf-8"?>
2<manifest xmlns:android="http://schemas.android.com/apk/res/android"
3    package="com.awsapk"
4    android:versionCode="1"
5    android:versionName="1.0" >
6
7    <uses-sdk
8        android:minSdkVersion="21"
9        android:targetSdkVersion="33" />
10
11    <uses-permission android:name="android.permission.SYSTEM_ALERT_WINDOW" />
11-->src\main\AndroidManifest.xml:4:5-77
11-->src\main\AndroidManifest.xml:4:22-75
12    <uses-permission android:name="android.permission.INTERNET" />
12-->src\main\AndroidManifest.xml:3:5-67
12-->src\main\AndroidManifest.xml:3:22-64
13    <uses-permission android:name="android.permission.VIBRATE" />
13-->src\main\AndroidManifest.xml:6:5-66
13-->src\main\AndroidManifest.xml:6:22-63
14    <uses-permission android:name="android.permission.RECEIVE_BOOT_COMPLETED" />
14-->src\main\AndroidManifest.xml:7:5-80
14-->src\main\AndroidManifest.xml:7:22-78
15    <uses-permission android:name="android.permission.ACCESS_WIFI_STATE" />
15-->[com.facebook.flipper:flipper:0.125.0] AndroidManifest.xml:16:5-76
15-->[com.facebook.flipper:flipper:0.125.0] AndroidManifest.xml:16:22-73
16    <uses-permission android:name="android.permission.WAKE_LOCK" />
16-->[:react-native-firebase_messaging] AndroidManifest.xml:10:5-68
16-->[:react-native-firebase_messaging] AndroidManifest.xml:10:22-65
17    <uses-permission android:name="android.permission.ACCESS_NETWORK_STATE" />
17-->[:react-native-firebase_messaging] AndroidManifest.xml:11:5-79
17-->[:react-native-firebase_messaging] AndroidManifest.xml:11:22-76
18    <uses-permission android:name="android.permission.POST_NOTIFICATIONS" /> <!-- Required by older versions of Google Play services to create IID tokens -->
18-->[com.google.firebase:firebase-messaging:23.1.2] AndroidManifest.xml:25:5-77
18-->[com.google.firebase:firebase-messaging:23.1.2] AndroidManifest.xml:25:22-74
19    <uses-permission android:name="com.google.android.c2dm.permission.RECEIVE" />
19-->[com.google.firebase:firebase-messaging:23.1.2] AndroidManifest.xml:28:5-82
19-->[com.google.firebase:firebase-messaging:23.1.2] AndroidManifest.xml:28:22-79
20    <uses-permission android:name="com.google.android.gms.permission.AD_ID" />
20-->[com.google.android.gms:play-services-measurement-api:21.2.0] AndroidManifest.xml:25:5-79
20-->[com.google.android.gms:play-services-measurement-api:21.2.0] AndroidManifest.xml:25:22-76
21    <uses-permission android:name="android.permission.FOREGROUND_SERVICE" />
21-->[androidx.work:work-runtime:2.8.0] AndroidManifest.xml:26:5-77
21-->[androidx.work:work-runtime:2.8.0] AndroidManifest.xml:26:22-74
22    <uses-permission android:name="com.google.android.finsky.permission.BIND_GET_INSTALL_REFERRER_SERVICE" />
22-->[com.google.android.gms:play-services-measurement:21.2.0] AndroidManifest.xml:26:5-110
22-->[com.google.android.gms:play-services-measurement:21.2.0] AndroidManifest.xml:26:22-107
23    <uses-permission android:name="android.permission.USE_FULL_SCREEN_INTENT" />
23-->[app.notifee:core:202108261754] AndroidManifest.xml:16:5-81
23-->[app.notifee:core:202108261754] AndroidManifest.xml:16:22-78
24    <uses-permission android:name="android.permission.SCHEDULE_EXACT_ALARM" />
24-->[app.notifee:core:202108261754] AndroidManifest.xml:17:5-79
24-->[app.notifee:core:202108261754] AndroidManifest.xml:17:22-76
25    <uses-permission
25-->[app.notifee:core:202108261754] AndroidManifest.xml:18:5-20:38
26        android:name="android.permission.BROADCAST_CLOSE_SYSTEM_DIALOGS"
26-->[app.notifee:core:202108261754] AndroidManifest.xml:19:9-73
27        android:maxSdkVersion="30" /> <!-- For Xiaomi devices to enable heads-up notifications as default (https://github.com/invertase/notifee/issues/296) -->
27-->[app.notifee:core:202108261754] AndroidManifest.xml:20:9-35
28    <uses-permission
28-->[app.notifee:core:202108261754] AndroidManifest.xml:22:5-24:38
29        android:name="android.permission.ACCESS_NOTIFICATION_POLICY"
29-->[app.notifee:core:202108261754] AndroidManifest.xml:23:9-69
30        android:minSdkVersion="23" />
30-->[app.notifee:core:202108261754] AndroidManifest.xml:24:9-35
31
32    <application
32-->src\main\AndroidManifest.xml:9:5-28:19
33        android:name="com.awsapk.MainApplication"
33-->src\main\AndroidManifest.xml:10:7-38
34        android:allowBackup="false"
34-->src\main\AndroidManifest.xml:14:7-34
35        android:appComponentFactory="androidx.core.app.CoreComponentFactory"
35-->[androidx.core:core:1.7.0] AndroidManifest.xml:24:18-86
36        android:debuggable="true"
37        android:icon="@mipmap/ic_launcher"
37-->src\main\AndroidManifest.xml:12:7-41
38        android:label="@string/app_name"
38-->src\main\AndroidManifest.xml:11:7-39
39        android:roundIcon="@mipmap/ic_launcher_round"
39-->src\main\AndroidManifest.xml:13:7-52
40        android:theme="@style/AppTheme"
40-->src\main\AndroidManifest.xml:15:7-38
41        android:usesCleartextTraffic="true" >
41-->src\debug\AndroidManifest.xml:8:9-44
42        <activity
42-->src\debug\AndroidManifest.xml:11:9-111
43            android:name="com.facebook.react.devsupport.DevSettingsActivity"
43-->src\debug\AndroidManifest.xml:11:19-83
44            android:exported="false" />
44-->src\debug\AndroidManifest.xml:11:84-108
45        <activity
45-->src\main\AndroidManifest.xml:16:7-27:18
46            android:name="com.awsapk.MainActivity"
46-->src\main\AndroidManifest.xml:17:9-37
47            android:configChanges="keyboard|keyboardHidden|orientation|screenLayout|screenSize|smallestScreenSize|uiMode"
47-->src\main\AndroidManifest.xml:19:9-118
48            android:exported="true"
48-->src\main\AndroidManifest.xml:22:9-32
49            android:label="@string/app_name"
49-->src\main\AndroidManifest.xml:18:9-41
50            android:launchMode="singleTask"
50-->src\main\AndroidManifest.xml:20:9-40
51            android:windowSoftInputMode="adjustResize" >
51-->src\main\AndroidManifest.xml:21:9-51
52            <intent-filter>
52-->src\main\AndroidManifest.xml:23:9-26:25
53                <action android:name="android.intent.action.MAIN" />
53-->src\main\AndroidManifest.xml:24:13-65
53-->src\main\AndroidManifest.xml:24:21-62
54
55                <category android:name="android.intent.category.LAUNCHER" />
55-->src\main\AndroidManifest.xml:25:13-73
55-->src\main\AndroidManifest.xml:25:23-70
56            </intent-filter>
57        </activity>
58
59        <provider
59-->[:notifee_react-native] AndroidManifest.xml:10:9-14:40
60            android:name="io.invertase.notifee.NotifeeInitProvider"
60-->[:notifee_react-native] AndroidManifest.xml:11:13-68
61            android:authorities="com.awsapk.notifee-init-provider"
61-->[:notifee_react-native] AndroidManifest.xml:12:13-73
62            android:exported="false"
62-->[:notifee_react-native] AndroidManifest.xml:13:13-37
63            android:initOrder="-100" />
63-->[:notifee_react-native] AndroidManifest.xml:14:13-37
64
65        <service
65-->[:react-native-firebase_messaging] AndroidManifest.xml:14:9-16:40
66            android:name="io.invertase.firebase.messaging.ReactNativeFirebaseMessagingHeadlessService"
66-->[:react-native-firebase_messaging] AndroidManifest.xml:15:13-103
67            android:exported="false" />
67-->[:react-native-firebase_messaging] AndroidManifest.xml:16:13-37
68        <service
68-->[:react-native-firebase_messaging] AndroidManifest.xml:17:9-23:19
69            android:name="io.invertase.firebase.messaging.ReactNativeFirebaseMessagingService"
69-->[:react-native-firebase_messaging] AndroidManifest.xml:18:13-95
70            android:exported="false" >
70-->[:react-native-firebase_messaging] AndroidManifest.xml:19:13-37
71            <intent-filter>
71-->[:react-native-firebase_messaging] AndroidManifest.xml:20:13-22:29
72                <action android:name="com.google.firebase.MESSAGING_EVENT" />
72-->[:react-native-firebase_messaging] AndroidManifest.xml:21:17-78
72-->[:react-native-firebase_messaging] AndroidManifest.xml:21:25-75
73            </intent-filter>
74        </service>
75
76        <receiver
76-->[:react-native-firebase_messaging] AndroidManifest.xml:25:9-32:20
77            android:name="io.invertase.firebase.messaging.ReactNativeFirebaseMessagingReceiver"
77-->[:react-native-firebase_messaging] AndroidManifest.xml:26:13-96
78            android:exported="true"
78-->[:react-native-firebase_messaging] AndroidManifest.xml:27:13-36
79            android:permission="com.google.android.c2dm.permission.SEND" >
79-->[:react-native-firebase_messaging] AndroidManifest.xml:28:13-73
80            <intent-filter>
80-->[:react-native-firebase_messaging] AndroidManifest.xml:29:13-31:29
81                <action android:name="com.google.android.c2dm.intent.RECEIVE" />
81-->[:react-native-firebase_messaging] AndroidManifest.xml:30:17-81
81-->[:react-native-firebase_messaging] AndroidManifest.xml:30:25-78
82            </intent-filter>
83        </receiver>
84
85        <meta-data
85-->[:react-native-firebase_messaging] AndroidManifest.xml:34:9-36:36
86            android:name="firebase_messaging_auto_init_enabled"
86-->[:react-native-firebase_messaging] AndroidManifest.xml:35:13-64
87            android:value="true" />
87-->[:react-native-firebase_messaging] AndroidManifest.xml:36:13-33
88        <meta-data
88-->[:react-native-firebase_messaging] AndroidManifest.xml:37:9-39:32
89            android:name="com.google.firebase.messaging.default_notification_channel_id"
89-->[:react-native-firebase_messaging] AndroidManifest.xml:38:13-89
90            android:value="" />
90-->[:react-native-firebase_messaging] AndroidManifest.xml:39:13-29
91        <meta-data
91-->[:react-native-firebase_messaging] AndroidManifest.xml:40:9-42:47
92            android:name="com.google.firebase.messaging.default_notification_color"
92-->[:react-native-firebase_messaging] AndroidManifest.xml:41:13-84
93            android:resource="@color/white" />
93-->[:react-native-firebase_messaging] AndroidManifest.xml:42:13-44
94        <meta-data
94-->[:react-native-firebase_app] AndroidManifest.xml:11:9-13:36
95            android:name="app_data_collection_default_enabled"
95-->[:react-native-firebase_app] AndroidManifest.xml:12:13-63
96            android:value="true" />
96-->[:react-native-firebase_app] AndroidManifest.xml:13:13-33
97
98        <service
98-->[:react-native-firebase_app] AndroidManifest.xml:15:9-23:19
99            android:name="com.google.firebase.components.ComponentDiscoveryService"
99-->[:react-native-firebase_app] AndroidManifest.xml:16:13-84
100            android:directBootAware="true"
100-->[:react-native-firebase_app] AndroidManifest.xml:17:13-43
101            android:exported="false" >
101-->[:react-native-firebase_app] AndroidManifest.xml:18:13-37
102            <meta-data
102-->[:react-native-firebase_app] AndroidManifest.xml:20:13-22:85
103                android:name="com.google.firebase.components:io.invertase.firebase.app.ReactNativeFirebaseAppRegistrar"
103-->[:react-native-firebase_app] AndroidManifest.xml:21:17-120
104                android:value="com.google.firebase.components.ComponentRegistrar" />
104-->[:react-native-firebase_app] AndroidManifest.xml:22:17-82
105            <meta-data
105-->[com.google.firebase:firebase-messaging:23.1.2] AndroidManifest.xml:55:13-57:85
106                android:name="com.google.firebase.components:com.google.firebase.messaging.FirebaseMessagingRegistrar"
106-->[com.google.firebase:firebase-messaging:23.1.2] AndroidManifest.xml:56:17-119
107                android:value="com.google.firebase.components.ComponentRegistrar" />
107-->[com.google.firebase:firebase-messaging:23.1.2] AndroidManifest.xml:57:17-82
108            <meta-data
108-->[com.google.firebase:firebase-datatransport:18.1.7] AndroidManifest.xml:27:13-29:85
109                android:name="com.google.firebase.components:com.google.firebase.datatransport.TransportRegistrar"
109-->[com.google.firebase:firebase-datatransport:18.1.7] AndroidManifest.xml:28:17-115
110                android:value="com.google.firebase.components.ComponentRegistrar" />
110-->[com.google.firebase:firebase-datatransport:18.1.7] AndroidManifest.xml:29:17-82
111            <meta-data
111-->[com.google.android.gms:play-services-measurement-api:21.2.0] AndroidManifest.xml:31:13-33:85
112                android:name="com.google.firebase.components:com.google.firebase.analytics.connector.internal.AnalyticsConnectorRegistrar"
112-->[com.google.android.gms:play-services-measurement-api:21.2.0] AndroidManifest.xml:32:17-139
113                android:value="com.google.firebase.components.ComponentRegistrar" />
113-->[com.google.android.gms:play-services-measurement-api:21.2.0] AndroidManifest.xml:33:17-82
114            <meta-data
114-->[com.google.firebase:firebase-installations:17.1.3] AndroidManifest.xml:17:13-19:85
115                android:name="com.google.firebase.components:com.google.firebase.installations.FirebaseInstallationsRegistrar"
115-->[com.google.firebase:firebase-installations:17.1.3] AndroidManifest.xml:18:17-127
116                android:value="com.google.firebase.components.ComponentRegistrar" />
116-->[com.google.firebase:firebase-installations:17.1.3] AndroidManifest.xml:19:17-82
117        </service>
118
119        <provider
119-->[:react-native-firebase_app] AndroidManifest.xml:25:9-29:38
120            android:name="io.invertase.firebase.app.ReactNativeFirebaseAppInitProvider"
120-->[:react-native-firebase_app] AndroidManifest.xml:26:13-88
121            android:authorities="com.awsapk.reactnativefirebaseappinitprovider"
121-->[:react-native-firebase_app] AndroidManifest.xml:27:13-86
122            android:exported="false"
122-->[:react-native-firebase_app] AndroidManifest.xml:28:13-37
123            android:initOrder="99" />
123-->[:react-native-firebase_app] AndroidManifest.xml:29:13-35
124
125        <receiver
125-->[com.google.firebase:firebase-messaging:23.1.2] AndroidManifest.xml:31:9-38:20
126            android:name="com.google.firebase.iid.FirebaseInstanceIdReceiver"
126-->[com.google.firebase:firebase-messaging:23.1.2] AndroidManifest.xml:32:13-78
127            android:exported="true"
127-->[com.google.firebase:firebase-messaging:23.1.2] AndroidManifest.xml:33:13-36
128            android:permission="com.google.android.c2dm.permission.SEND" >
128-->[com.google.firebase:firebase-messaging:23.1.2] AndroidManifest.xml:34:13-73
129            <intent-filter>
129-->[:react-native-firebase_messaging] AndroidManifest.xml:29:13-31:29
130                <action android:name="com.google.android.c2dm.intent.RECEIVE" />
130-->[:react-native-firebase_messaging] AndroidManifest.xml:30:17-81
130-->[:react-native-firebase_messaging] AndroidManifest.xml:30:25-78
131            </intent-filter>
132        </receiver>
133        <!--
134             FirebaseMessagingService performs security checks at runtime,
135             but set to not exported to explicitly avoid allowing another app to call it.
136        -->
137        <service
137-->[com.google.firebase:firebase-messaging:23.1.2] AndroidManifest.xml:44:9-51:19
138            android:name="com.google.firebase.messaging.FirebaseMessagingService"
138-->[com.google.firebase:firebase-messaging:23.1.2] AndroidManifest.xml:45:13-82
139            android:directBootAware="true"
139-->[com.google.firebase:firebase-messaging:23.1.2] AndroidManifest.xml:46:13-43
140            android:exported="false" >
140-->[com.google.firebase:firebase-messaging:23.1.2] AndroidManifest.xml:47:13-37
141            <intent-filter android:priority="-500" >
141-->[:react-native-firebase_messaging] AndroidManifest.xml:20:13-22:29
142                <action android:name="com.google.firebase.MESSAGING_EVENT" />
142-->[:react-native-firebase_messaging] AndroidManifest.xml:21:17-78
142-->[:react-native-firebase_messaging] AndroidManifest.xml:21:25-75
143            </intent-filter>
144        </service>
145        <service
145-->[com.google.android.datatransport:transport-backend-cct:3.1.8] AndroidManifest.xml:28:9-34:19
146            android:name="com.google.android.datatransport.runtime.backends.TransportBackendDiscovery"
146-->[com.google.android.datatransport:transport-backend-cct:3.1.8] AndroidManifest.xml:29:13-103
147            android:exported="false" >
147-->[com.google.android.datatransport:transport-backend-cct:3.1.8] AndroidManifest.xml:30:13-37
148            <meta-data
148-->[com.google.android.datatransport:transport-backend-cct:3.1.8] AndroidManifest.xml:31:13-33:39
149                android:name="backend:com.google.android.datatransport.cct.CctBackendFactory"
149-->[com.google.android.datatransport:transport-backend-cct:3.1.8] AndroidManifest.xml:32:17-94
150                android:value="cct" />
150-->[com.google.android.datatransport:transport-backend-cct:3.1.8] AndroidManifest.xml:33:17-36
151        </service>
152        <service
152-->[com.google.android.datatransport:transport-runtime:3.1.8] AndroidManifest.xml:26:9-30:19
153            android:name="com.google.android.datatransport.runtime.scheduling.jobscheduling.JobInfoSchedulerService"
153-->[com.google.android.datatransport:transport-runtime:3.1.8] AndroidManifest.xml:27:13-117
154            android:exported="false"
154-->[com.google.android.datatransport:transport-runtime:3.1.8] AndroidManifest.xml:28:13-37
155            android:permission="android.permission.BIND_JOB_SERVICE" >
155-->[com.google.android.datatransport:transport-runtime:3.1.8] AndroidManifest.xml:29:13-69
156        </service>
157
158        <receiver
158-->[com.google.android.datatransport:transport-runtime:3.1.8] AndroidManifest.xml:32:9-34:40
159            android:name="com.google.android.datatransport.runtime.scheduling.jobscheduling.AlarmManagerSchedulerBroadcastReceiver"
159-->[com.google.android.datatransport:transport-runtime:3.1.8] AndroidManifest.xml:33:13-132
160            android:exported="false" />
160-->[com.google.android.datatransport:transport-runtime:3.1.8] AndroidManifest.xml:34:13-37
161
162        <provider
162-->[com.google.firebase:firebase-common:20.3.1] AndroidManifest.xml:25:9-30:39
163            android:name="com.google.firebase.provider.FirebaseInitProvider"
163-->[com.google.firebase:firebase-common:20.3.1] AndroidManifest.xml:26:13-77
164            android:authorities="com.awsapk.firebaseinitprovider"
164-->[com.google.firebase:firebase-common:20.3.1] AndroidManifest.xml:27:13-72
165            android:directBootAware="true"
165-->[com.google.firebase:firebase-common:20.3.1] AndroidManifest.xml:28:13-43
166            android:exported="false"
166-->[com.google.firebase:firebase-common:20.3.1] AndroidManifest.xml:29:13-37
167            android:initOrder="100" />
167-->[com.google.firebase:firebase-common:20.3.1] AndroidManifest.xml:30:13-36
168        <provider
168-->[androidx.work:work-runtime:2.8.0] AndroidManifest.xml:29:9-37:20
169            android:name="androidx.startup.InitializationProvider"
169-->[androidx.work:work-runtime:2.8.0] AndroidManifest.xml:30:13-67
170            android:authorities="com.awsapk.androidx-startup"
170-->[androidx.work:work-runtime:2.8.0] AndroidManifest.xml:31:13-68
171            android:exported="false" >
171-->[androidx.work:work-runtime:2.8.0] AndroidManifest.xml:32:13-37
172            <meta-data
172-->[androidx.work:work-runtime:2.8.0] AndroidManifest.xml:34:13-36:52
173                android:name="androidx.work.WorkManagerInitializer"
173-->[androidx.work:work-runtime:2.8.0] AndroidManifest.xml:35:17-68
174                android:value="androidx.startup" />
174-->[androidx.work:work-runtime:2.8.0] AndroidManifest.xml:36:17-49
175            <meta-data
175-->[androidx.emoji2:emoji2:1.0.0] AndroidManifest.xml:31:13-33:52
176                android:name="androidx.emoji2.text.EmojiCompatInitializer"
176-->[androidx.emoji2:emoji2:1.0.0] AndroidManifest.xml:32:17-75
177                android:value="androidx.startup" />
177-->[androidx.emoji2:emoji2:1.0.0] AndroidManifest.xml:33:17-49
178            <meta-data
178-->[androidx.lifecycle:lifecycle-process:2.4.0] AndroidManifest.xml:31:13-33:52
179                android:name="androidx.lifecycle.ProcessLifecycleInitializer"
179-->[androidx.lifecycle:lifecycle-process:2.4.0] AndroidManifest.xml:32:17-78
180                android:value="androidx.startup" />
180-->[androidx.lifecycle:lifecycle-process:2.4.0] AndroidManifest.xml:33:17-49
181        </provider>
182
183        <service
183-->[androidx.work:work-runtime:2.8.0] AndroidManifest.xml:39:9-45:35
184            android:name="androidx.work.impl.background.systemalarm.SystemAlarmService"
184-->[androidx.work:work-runtime:2.8.0] AndroidManifest.xml:40:13-88
185            android:directBootAware="false"
185-->[androidx.work:work-runtime:2.8.0] AndroidManifest.xml:41:13-44
186            android:enabled="@bool/enable_system_alarm_service_default"
186-->[androidx.work:work-runtime:2.8.0] AndroidManifest.xml:42:13-72
187            android:exported="false" />
187-->[androidx.work:work-runtime:2.8.0] AndroidManifest.xml:43:13-37
188        <service
188-->[androidx.work:work-runtime:2.8.0] AndroidManifest.xml:46:9-52:35
189            android:name="androidx.work.impl.background.systemjob.SystemJobService"
189-->[androidx.work:work-runtime:2.8.0] AndroidManifest.xml:47:13-84
190            android:directBootAware="false"
190-->[androidx.work:work-runtime:2.8.0] AndroidManifest.xml:48:13-44
191            android:enabled="@bool/enable_system_job_service_default"
191-->[androidx.work:work-runtime:2.8.0] AndroidManifest.xml:49:13-70
192            android:exported="true"
192-->[androidx.work:work-runtime:2.8.0] AndroidManifest.xml:50:13-36
193            android:permission="android.permission.BIND_JOB_SERVICE" />
193-->[androidx.work:work-runtime:2.8.0] AndroidManifest.xml:51:13-69
194        <service
194-->[androidx.work:work-runtime:2.8.0] AndroidManifest.xml:53:9-59:35
195            android:name="androidx.work.impl.foreground.SystemForegroundService"
195-->[androidx.work:work-runtime:2.8.0] AndroidManifest.xml:54:13-81
196            android:directBootAware="false"
196-->[androidx.work:work-runtime:2.8.0] AndroidManifest.xml:55:13-44
197            android:enabled="@bool/enable_system_foreground_service_default"
197-->[androidx.work:work-runtime:2.8.0] AndroidManifest.xml:56:13-77
198            android:exported="false" />
198-->[androidx.work:work-runtime:2.8.0] AndroidManifest.xml:57:13-37
199
200        <receiver
200-->[androidx.work:work-runtime:2.8.0] AndroidManifest.xml:61:9-66:35
201            android:name="androidx.work.impl.utils.ForceStopRunnable$BroadcastReceiver"
201-->[androidx.work:work-runtime:2.8.0] AndroidManifest.xml:62:13-88
202            android:directBootAware="false"
202-->[androidx.work:work-runtime:2.8.0] AndroidManifest.xml:63:13-44
203            android:enabled="true"
203-->[androidx.work:work-runtime:2.8.0] AndroidManifest.xml:64:13-35
204            android:exported="false" />
204-->[androidx.work:work-runtime:2.8.0] AndroidManifest.xml:65:13-37
205        <receiver
205-->[androidx.work:work-runtime:2.8.0] AndroidManifest.xml:67:9-77:20
206            android:name="androidx.work.impl.background.systemalarm.ConstraintProxy$BatteryChargingProxy"
206-->[androidx.work:work-runtime:2.8.0] AndroidManifest.xml:68:13-106
207            android:directBootAware="false"
207-->[androidx.work:work-runtime:2.8.0] AndroidManifest.xml:69:13-44
208            android:enabled="false"
208-->[androidx.work:work-runtime:2.8.0] AndroidManifest.xml:70:13-36
209            android:exported="false" >
209-->[androidx.work:work-runtime:2.8.0] AndroidManifest.xml:71:13-37
210            <intent-filter>
210-->[androidx.work:work-runtime:2.8.0] AndroidManifest.xml:73:13-76:29
211                <action android:name="android.intent.action.ACTION_POWER_CONNECTED" />
211-->[androidx.work:work-runtime:2.8.0] AndroidManifest.xml:74:17-87
211-->[androidx.work:work-runtime:2.8.0] AndroidManifest.xml:74:25-84
212                <action android:name="android.intent.action.ACTION_POWER_DISCONNECTED" />
212-->[androidx.work:work-runtime:2.8.0] AndroidManifest.xml:75:17-90
212-->[androidx.work:work-runtime:2.8.0] AndroidManifest.xml:75:25-87
213            </intent-filter>
214        </receiver>
215        <receiver
215-->[androidx.work:work-runtime:2.8.0] AndroidManifest.xml:78:9-88:20
216            android:name="androidx.work.impl.background.systemalarm.ConstraintProxy$BatteryNotLowProxy"
216-->[androidx.work:work-runtime:2.8.0] AndroidManifest.xml:79:13-104
217            android:directBootAware="false"
217-->[androidx.work:work-runtime:2.8.0] AndroidManifest.xml:80:13-44
218            android:enabled="false"
218-->[androidx.work:work-runtime:2.8.0] AndroidManifest.xml:81:13-36
219            android:exported="false" >
219-->[androidx.work:work-runtime:2.8.0] AndroidManifest.xml:82:13-37
220            <intent-filter>
220-->[androidx.work:work-runtime:2.8.0] AndroidManifest.xml:84:13-87:29
221                <action android:name="android.intent.action.BATTERY_OKAY" />
221-->[androidx.work:work-runtime:2.8.0] AndroidManifest.xml:85:17-77
221-->[androidx.work:work-runtime:2.8.0] AndroidManifest.xml:85:25-74
222                <action android:name="android.intent.action.BATTERY_LOW" />
222-->[androidx.work:work-runtime:2.8.0] AndroidManifest.xml:86:17-76
222-->[androidx.work:work-runtime:2.8.0] AndroidManifest.xml:86:25-73
223            </intent-filter>
224        </receiver>
225        <receiver
225-->[androidx.work:work-runtime:2.8.0] AndroidManifest.xml:89:9-99:20
226            android:name="androidx.work.impl.background.systemalarm.ConstraintProxy$StorageNotLowProxy"
226-->[androidx.work:work-runtime:2.8.0] AndroidManifest.xml:90:13-104
227            android:directBootAware="false"
227-->[androidx.work:work-runtime:2.8.0] AndroidManifest.xml:91:13-44
228            android:enabled="false"
228-->[androidx.work:work-runtime:2.8.0] AndroidManifest.xml:92:13-36
229            android:exported="false" >
229-->[androidx.work:work-runtime:2.8.0] AndroidManifest.xml:93:13-37
230            <intent-filter>
230-->[androidx.work:work-runtime:2.8.0] AndroidManifest.xml:95:13-98:29
231                <action android:name="android.intent.action.DEVICE_STORAGE_LOW" />
231-->[androidx.work:work-runtime:2.8.0] AndroidManifest.xml:96:17-83
231-->[androidx.work:work-runtime:2.8.0] AndroidManifest.xml:96:25-80
232                <action android:name="android.intent.action.DEVICE_STORAGE_OK" />
232-->[androidx.work:work-runtime:2.8.0] AndroidManifest.xml:97:17-82
232-->[androidx.work:work-runtime:2.8.0] AndroidManifest.xml:97:25-79
233            </intent-filter>
234        </receiver>
235        <receiver
235-->[androidx.work:work-runtime:2.8.0] AndroidManifest.xml:100:9-109:20
236            android:name="androidx.work.impl.background.systemalarm.ConstraintProxy$NetworkStateProxy"
236-->[androidx.work:work-runtime:2.8.0] AndroidManifest.xml:101:13-103
237            android:directBootAware="false"
237-->[androidx.work:work-runtime:2.8.0] AndroidManifest.xml:102:13-44
238            android:enabled="false"
238-->[androidx.work:work-runtime:2.8.0] AndroidManifest.xml:103:13-36
239            android:exported="false" >
239-->[androidx.work:work-runtime:2.8.0] AndroidManifest.xml:104:13-37
240            <intent-filter>
240-->[androidx.work:work-runtime:2.8.0] AndroidManifest.xml:106:13-108:29
241                <action android:name="android.net.conn.CONNECTIVITY_CHANGE" />
241-->[androidx.work:work-runtime:2.8.0] AndroidManifest.xml:107:17-79
241-->[androidx.work:work-runtime:2.8.0] AndroidManifest.xml:107:25-76
242            </intent-filter>
243        </receiver>
244        <receiver
244-->[androidx.work:work-runtime:2.8.0] AndroidManifest.xml:110:9-121:20
245            android:name="androidx.work.impl.background.systemalarm.RescheduleReceiver"
245-->[androidx.work:work-runtime:2.8.0] AndroidManifest.xml:111:13-88
246            android:directBootAware="false"
246-->[androidx.work:work-runtime:2.8.0] AndroidManifest.xml:112:13-44
247            android:enabled="false"
247-->[androidx.work:work-runtime:2.8.0] AndroidManifest.xml:113:13-36
248            android:exported="false" >
248-->[androidx.work:work-runtime:2.8.0] AndroidManifest.xml:114:13-37
249            <intent-filter>
249-->[androidx.work:work-runtime:2.8.0] AndroidManifest.xml:116:13-120:29
250                <action android:name="android.intent.action.BOOT_COMPLETED" />
250-->[androidx.work:work-runtime:2.8.0] AndroidManifest.xml:117:17-79
250-->[androidx.work:work-runtime:2.8.0] AndroidManifest.xml:117:25-76
251                <action android:name="android.intent.action.TIME_SET" />
251-->[androidx.work:work-runtime:2.8.0] AndroidManifest.xml:118:17-73
251-->[androidx.work:work-runtime:2.8.0] AndroidManifest.xml:118:25-70
252                <action android:name="android.intent.action.TIMEZONE_CHANGED" />
252-->[androidx.work:work-runtime:2.8.0] AndroidManifest.xml:119:17-81
252-->[androidx.work:work-runtime:2.8.0] AndroidManifest.xml:119:25-78
253            </intent-filter>
254        </receiver>
255        <receiver
255-->[androidx.work:work-runtime:2.8.0] AndroidManifest.xml:122:9-131:20
256            android:name="androidx.work.impl.background.systemalarm.ConstraintProxyUpdateReceiver"
256-->[androidx.work:work-runtime:2.8.0] AndroidManifest.xml:123:13-99
257            android:directBootAware="false"
257-->[androidx.work:work-runtime:2.8.0] AndroidManifest.xml:124:13-44
258            android:enabled="@bool/enable_system_alarm_service_default"
258-->[androidx.work:work-runtime:2.8.0] AndroidManifest.xml:125:13-72
259            android:exported="false" >
259-->[androidx.work:work-runtime:2.8.0] AndroidManifest.xml:126:13-37
260            <intent-filter>
260-->[androidx.work:work-runtime:2.8.0] AndroidManifest.xml:128:13-130:29